<?xml version="1.0" encoding="UTF-8"?>
<!-- Generated by org.testng.reporters.JUnitXMLReporter -->
<testsuite ignored="1" hostname="LAPTOP-S1UUMFU4" failures="0" tests="2" name="Default test" time="0.055" errors="0" timestamp="2025-05-09T17:26:03 IST">
  <testcase classname="com.testtt.SampleLogin" name="sample2" time="0.019"/>
  <testcase classname="com.testtt.SampleLogin" name="zsample" time="0.001"/>
  <testcase classname="com.testtt.SampleLogin" name="sample1" time="0.0">
    <ignored/>
  </testcase> <!-- sample1 -->
</testsuite> <!-- Default test -->
