<?xml version="1.0" encoding="UTF-8"?>
<testng-results ignored="1" total="3" passed="2" failed="0" skipped="0">
  <reporter-output>
  </reporter-output>
  <suite started-at="2025-05-09T17:26:03 IST" name="Default suite" finished-at="2025-05-09T17:26:03 IST" duration-ms="55">
    <groups>
    </groups>
    <test started-at="2025-05-09T17:26:03 IST" name="Default test" finished-at="2025-05-09T17:26:03 IST" duration-ms="55">
      <class name="com.testtt.SampleLogin">
        <test-method signature="sample2()[pri:-1, instance:com.testtt.SampleLogin@71809907]" started-at="2025-05-09T17:26:03 IST" name="sample2" finished-at="2025-05-09T17:26:03 IST" duration-ms="19" status="PASS">
          <reporter-output>
          </reporter-output>
        </test-method> <!-- sample2 -->
        <test-method signature="zsample()[pri:1, instance:com.testtt.SampleLogin@71809907]" started-at="2025-05-09T17:26:03 IST" name="zsample" finished-at="2025-05-09T17:26:03 IST" duration-ms="1" status="PASS">
          <reporter-output>
          </reporter-output>
        </test-method> <!-- zsample -->
      </class> <!-- com.testtt.SampleLogin -->
    </test> <!-- Default test -->
  </suite> <!-- Default suite -->
</testng-results>
